<?xml version="1.0" encoding="UTF-8"?>
<!-- Generated by org.testng.reporters.JUnitReportReporter -->
<testsuite hostname="DESKTOP-BMKO4RJ" failures="0" tests="4" name="api.test.UserTests" time="12.480" errors="0" timestamp="2024-02-21T18:02:35 IST" skipped="0">
  <testcase classname="api.test.UserTests" name="testPostUser" time="4.428"/>
  <system-out/>
  <testcase classname="api.test.UserTests" name="testGetUserByName" time="2.120"/>
  <system-out/>
  <testcase classname="api.test.UserTests" name="testUpdateUserByName" time="3.684"/>
  <system-out/>
  <testcase classname="api.test.UserTests" name="testDeleteUserByName" time="2.248"/>
  <system-out/>
</testsuite> <!-- api.test.UserTests -->
