<?xml version="1.0" encoding="UTF-8"?>
<!-- Generated by org.testng.reporters.JUnitReportReporter -->
<testsuite hostname="DESKTOP-BMKO4RJ" failures="0" tests="4" name="api.test.UserTests2" time="13.569" errors="0" timestamp="2024-02-21T18:27:33 IST" skipped="0">
  <testcase classname="api.test.UserTests2" name="testPostUser" time="4.914"/>
  <system-out/>
  <testcase classname="api.test.UserTests2" name="testGetUserByName" time="1.914"/>
  <system-out/>
  <testcase classname="api.test.UserTests2" name="testUpdateUserByName" time="4.702"/>
  <system-out/>
  <testcase classname="api.test.UserTests2" name="testDeleteUserByName" time="2.039"/>
  <system-out/>
</testsuite> <!-- api.test.UserTests2 -->
