<?xml version="1.0" encoding="UTF-8"?>
<!-- Generated by org.testng.reporters.JUnitReportReporter -->
<testsuite hostname="DESKTOP-BMKO4RJ" failures="0" tests="6" name="api.test.DDTests" time="16.366" errors="0" timestamp="2024-02-21T17:59:23 IST" skipped="0">
  <testcase classname="api.test.DDTests" name="testPostuser" time="1.772"/>
  <system-out/>
  <testcase classname="api.test.DDTests" name="testPostuser" time="2.044"/>
  <system-out/>
  <testcase classname="api.test.DDTests" name="testPostuser" time="5.485"/>
  <system-out/>
  <testcase classname="api.test.DDTests" name="testDeleteUserByName" time="2.252"/>
  <system-out/>
  <testcase classname="api.test.DDTests" name="testDeleteUserByName" time="2.657"/>
  <system-out/>
  <testcase classname="api.test.DDTests" name="testDeleteUserByName" time="2.156"/>
  <system-out/>
</testsuite> <!-- api.test.DDTests -->
