<?xml version="1.0" encoding="UTF-8"?>
<!-- Generated by org.testng.reporters.JUnitReportReporter -->
<testsuite hostname="DESKTOP-BMKO4RJ" failures="0" tests="4" name="api.test.UserTests2" time="15.475" errors="0" timestamp="2024-02-23T13:32:53 IST" skipped="0">
  <testcase classname="api.test.UserTests2" name="testPostUser" time="7.081"/>
  <system-out/>
  <testcase classname="api.test.UserTests2" name="testGetUserByName" time="2.270"/>
  <system-out/>
  <testcase classname="api.test.UserTests2" name="testUpdateUserByName" time="3.981"/>
  <system-out/>
  <testcase classname="api.test.UserTests2" name="testDeleteUserByName" time="2.143"/>
  <system-out/>
</testsuite> <!-- api.test.UserTests2 -->
